<?xml version="1.0" encoding="UTF-8"?>
<testng-results skipped="0" failed="0" ignored="0" total="1" passed="1">
  <reporter-output>
  </reporter-output>
  <suite name="runner.RunCukesTest" duration-ms="187028" started-at="2023-03-07T21:03:46 WIB" finished-at="2023-03-07T21:06:53 WIB">
    <groups>
      <group name="cucumber">
        <method signature="AbstractTestNGCucumberTests.runScenario(io.cucumber.testng.PickleWrapper,io.cucumber.testng.FeatureWrapper)[pri:0, instance:runner.RunCukesTest@cb51256]" name="runScenario" class="io.cucumber.testng.AbstractTestNGCucumberTests"/>
      </group> <!-- cucumber -->
    </groups>
    <test name="Command line test" duration-ms="187028" started-at="2023-03-07T21:03:46 WIB" finished-at="2023-03-07T21:06:53 WIB">
      <class name="runner.RunCukesTest">
        <test-method status="PASS" signature="setUpClass(org.testng.ITestContext)[pri:0, instance:runner.RunCukesTest@cb51256]" name="setUpClass" is-config="true" duration-ms="732" started-at="2023-03-07T21:03:46 WIB" finished-at="2023-03-07T21:03:47 WIB">
          <params>
            <param index="0">
              <value>
                <![CDATA[org.testng.TestRunner@4fbdc0f0]]>
              </value>
            </param>
          </params>
          <reporter-output>
          </reporter-output>
        </test-method> <!-- setUpClass -->
        <test-method status="PASS" signature="runScenario(io.cucumber.testng.PickleWrapper,io.cucumber.testng.FeatureWrapper)[pri:0, instance:runner.RunCukesTest@cb51256]" name="runScenario" duration-ms="184662" started-at="2023-03-07T21:03:47 WIB" description="Runs Cucumber Scenarios" data-provider="scenarios" finished-at="2023-03-07T21:06:51 WIB">
          <params>
            <param index="0">
              <value>
                <![CDATA["Login with valid username and password"]]>
              </value>
            </param>
            <param index="1">
              <value>
                <![CDATA["Optional[Login]"]]>
              </value>
            </param>
          </params>
          <reporter-output>
          </reporter-output>
        </test-method> <!-- runScenario -->
        <test-method status="PASS" signature="tearDownClass()[pri:0, instance:runner.RunCukesTest@cb51256]" name="tearDownClass" is-config="true" duration-ms="1562" started-at="2023-03-07T21:06:51 WIB" finished-at="2023-03-07T21:06:53 WIB">
          <reporter-output>
          </reporter-output>
        </test-method> <!-- tearDownClass -->
      </class> <!-- runner.RunCukesTest -->
    </test> <!-- Command line test -->
  </suite> <!-- runner.RunCukesTest -->
</testng-results>
